<?xml version="1.0" encoding="UTF-8"?>
<robot generator="Robot 4.0.1 (Python 3.9.0 on win32)" generated="20230819 10:00:35.116" rpa="false" schemaversion="2">
<suite id="s1" name="Training" source="D:\Training\python_robot_training\Training">
<suite id="s1-s1" name="TC2" source="D:\Training\python_robot_training\Training\TC2.robot">
<test id="s1-s1-t1" name="Test title">
<kw name="Create Webdriver" library="Selenium2Library">
<arg>Chrome</arg>
<arg>executable_path=D:/PierianDx/Automation/UI/cgw_ui_automation_tests/src/main/java/resources/chromedriver.exe</arg>
<doc>Creates an instance of Selenium WebDriver.</doc>
<msg timestamp="20230819 10:00:35.752" level="INFO">Creating an instance of the Chrome WebDriver.</msg>
<status status="PASS" starttime="20230819 10:00:35.751" endtime="20230819 10:00:41.118"/>
</kw>
<kw name="Go To" library="Selenium2Library">
<arg>${LOGIN URL}</arg>
<doc>Navigates the current browser window to the provided ``url``.</doc>
<msg timestamp="20230819 10:00:41.119" level="INFO">Opening url 'http://google.com'</msg>
<status status="PASS" starttime="20230819 10:00:41.118" endtime="20230819 10:00:44.244"/>
</kw>
<status status="PASS" starttime="20230819 10:00:35.749" endtime="20230819 10:00:44.246"/>
</test>
<doc>Suite description</doc>
<status status="PASS" starttime="20230819 10:00:35.206" endtime="20230819 10:00:44.248"/>
</suite>
<status status="PASS" starttime="20230819 10:00:35.144" endtime="20230819 10:00:44.251"/>
</suite>
<statistics>
<total>
<stat pass="1" fail="0" skip="0">All Tests</stat>
</total>
<tag>
</tag>
<suite>
<stat pass="1" fail="0" skip="0" id="s1" name="Training">Training</stat>
<stat pass="1" fail="0" skip="0" id="s1-s1" name="TC2">Training.TC2</stat>
</suite>
</statistics>
<errors>
</errors>
</robot>
