<?xml version="1.0" encoding="UTF-8"?>
<robot generator="Robot 4.0.1 (Python 3.9.0 on win32)" generated="20230819 10:00:35.101" rpa="false" schemaversion="2">
<suite id="s1" name="Training" source="D:\Training\python_robot_training\Training">
<suite id="s1-s1" name="selenium TC1" source="D:\Training\python_robot_training\Training\selenium_TC1.robot">
<test id="s1-s1-t1" name="Open Heroku App">
<kw name="Access Page">
<kw name="Create Webdriver" library="SeleniumLibrary">
<arg>${browser}</arg>
<arg>executable_path=D:/PierianDx/Automation/UI/cgw_ui_automation_tests/src/main/java/resources/chromedriver.exe</arg>
<doc>Creates an instance of Selenium WebDriver.</doc>
<msg timestamp="20230819 10:00:35.730" level="INFO">Creating an instance of the Chrome WebDriver.</msg>
<status status="PASS" starttime="20230819 10:00:35.729" endtime="20230819 10:00:40.872"/>
</kw>
<kw name="Go To" library="SeleniumLibrary">
<arg>${url}</arg>
<doc>Navigates the current browser window to the provided ``url``.</doc>
<msg timestamp="20230819 10:00:40.875" level="INFO">Opening url 'https://the-internet.herokuapp.com/'</msg>
<status status="PASS" starttime="20230819 10:00:40.873" endtime="20230819 10:00:45.271"/>
</kw>
<kw name="Title Should Be" library="SeleniumLibrary">
<arg>The Internet</arg>
<doc>Verifies that the current page title equals ``title``.</doc>
<msg timestamp="20230819 10:00:45.282" level="INFO">Page title is 'The Internet'.</msg>
<status status="PASS" starttime="20230819 10:00:45.271" endtime="20230819 10:00:45.282"/>
</kw>
<status status="PASS" starttime="20230819 10:00:35.728" endtime="20230819 10:00:45.283"/>
</kw>
<kw name="Close Browser" library="SeleniumLibrary" type="TEARDOWN">
<doc>Closes the current browser.</doc>
<status status="PASS" starttime="20230819 10:00:45.284" endtime="20230819 10:00:47.618"/>
</kw>
<status status="PASS" starttime="20230819 10:00:35.726" endtime="20230819 10:00:47.618"/>
</test>
<doc>Suite description</doc>
<status status="PASS" starttime="20230819 10:00:35.191" endtime="20230819 10:00:47.620"/>
</suite>
<status status="PASS" starttime="20230819 10:00:35.134" endtime="20230819 10:00:47.623"/>
</suite>
<statistics>
<total>
<stat pass="1" fail="0" skip="0">All Tests</stat>
</total>
<tag>
</tag>
<suite>
<stat pass="1" fail="0" skip="0" id="s1" name="Training">Training</stat>
<stat pass="1" fail="0" skip="0" id="s1-s1" name="selenium TC1">Training.selenium TC1</stat>
</suite>
</statistics>
<errors>
</errors>
</robot>
