<?xml version="1.0" encoding="UTF-8"?>
<robot generator="Robot 4.0.1 (Python 3.9.0 on win32)" generated="20230809 10:24:31.989" rpa="false" schemaversion="2">
<suite id="s1" name="Restful Booker" source="D:\Training\python_robot_training\Training\restful_booker.robot">
<test id="s1-t1" name="Get bookings from restful booker">
<kw name="Create Session" library="RequestsLibrary">
<arg>sesn</arg>
<arg>${uri}</arg>
<doc>Create Session: create a HTTP session to a server</doc>
<msg timestamp="20230809 10:24:32.148" level="INFO">Creating Session using : alias=sesn, url=https://restful-booker.herokuapp.com, headers={},                     cookies={}, auth=None, timeout=None, proxies=None, verify=False,                     debug=0 </msg>
<status status="PASS" starttime="20230809 10:24:32.147" endtime="20230809 10:24:32.148"/>
</kw>
<kw name="Create Dictionary" library="BuiltIn">
<var>${body}</var>
<arg>firstName=Chetan</arg>
<doc>Creates and returns a dictionary based on the given ``items``.</doc>
<msg timestamp="20230809 10:24:32.148" level="INFO">${body} = {'firstName': 'Chetan'}</msg>
<status status="PASS" starttime="20230809 10:24:32.148" endtime="20230809 10:24:32.148"/>
</kw>
<kw name="Get On Session" library="RequestsLibrary">
<var>${response}</var>
<arg>sesn</arg>
<arg>/booking</arg>
<arg>${body}</arg>
<doc>Sends a GET request on a previously created HTTP Session.</doc>
<msg timestamp="20230809 10:24:33.454" level="INFO">GET Request : url=https://restful-booker.herokuapp.com/booking?firstName=Chetan 
 path_url=/booking?firstName=Chetan 
 headers={'User-Agent': 'python-requests/2.25.1', 'Accept-Encoding': 'gzip, deflate', 'Accept': '*/*', 'Connection': 'keep-alive'} 
 body=None 
 </msg>
<msg timestamp="20230809 10:24:33.456" level="INFO">GET Response : url=https://restful-booker.herokuapp.com/booking?firstName=Chetan 
 status=200, reason=OK 
 headers={'Server': 'Cowboy', 'Connection': 'keep-alive', 'X-Powered-By': 'Express', 'Content-Type': 'application/json; charset=utf-8', 'Content-Length': '21130', 'Etag': 'W/"528a-OyFQfhiBYR9/40OOBe4JbGMNkws"', 'Date': 'Wed, 09 Aug 2023 04:54:33 GMT', 'Via': '1.1 vegur'} 
 body=[{"bookingid":990},{"bookingid":1446},{"bookingid":145},{"bookingid":1057},{"bookingid":1139},{"bookingid":325},{"bookingid":1153},{"bookingid":780},{"bookingid":297},{"bookingid":156},{"bookingid":565},{"bookingid":814},{"bookingid":65},{"bookingid":562},{"bookingid":678},{"bookingid":1100},{"bookingid":724},{"bookingid":1213},{"bookingid":1335},{"bookingid":998},{"bookingid":480},{"bookingid":1311},{"bookingid":550},{"bookingid":815},{"bookingid":554},{"bookingid":570},{"bookingid":1080},{"bookingid":1281},{"bookingid":1387},{"bookingid":443},{"bookingid":1027},{"bookingid":61},{"bookingid":1111},{"bookingid":1361},{"bookingid":158},{"bookingid":1148},{"bookingid":1515},{"bookingid":1621},{"bookingid":407},{"bookingid":496},{"bookingid":1195},{"bookingid":1347},{"bookingid":1223},{"bookingid":1556},{"bookingid":1010},{"bookingid":1614},{"bookingid":574},{"bookingid":235},{"bookingid":326},{"bookingid":126},{"bookingid":1650},{"bookingid":356},{"bookingid":797},{"bookingid":535},{"bookingid":1625},{"bookingid":340},{"bookingid":789},{"bookingid":1467},{"bookingid":184},{"bookingid":1612},{"bookingid":114},{"bookingid":1296},{"bookingid":652},{"bookingid":323},{"bookingid":129},{"bookingid":1652},{"bookingid":1493},{"bookingid":1227},{"bookingid":1112},{"bookingid":726},{"bookingid":967},{"bookingid":1320},{"bookingid":258},{"bookingid":700},{"bookingid":683},{"bookingid":603},{"bookingid":881},{"bookingid":868},{"bookingid":298},{"bookingid":515},{"bookingid":1287},{"bookingid":848},{"bookingid":1290},{"bookingid":69},{"bookingid":1062},{"bookingid":923},{"bookingid":1225},{"bookingid":1280},{"bookingid":706},{"bookingid":602},{"bookingid":1247},{"bookingid":827},{"bookingid":817},{"bookingid":447},{"bookingid":685},{"bookingid":878},{"bookingid":954},{"bookingid":415},{"bookingid":1232},{"bookingid":788},{"bookingid":641},{"bookingid":547},{"bookingid":545},{"bookingid":725},{"bookingid":682},{"bookingid":1034},{"bookingid":73},{"bookingid":993},{"bookingid":1257},{"bookingid":26},{"bookingid":1201},{"bookingid":99},{"bookingid":1382},{"bookingid":1536},{"bookingid":936},{"bookingid":1414},{"bookingid":1390},{"bookingid":601},{"bookingid":774},{"bookingid":629},{"bookingid":267},{"bookingid":308},{"bookingid":1043},{"bookingid":1403},{"bookingid":1221},{"bookingid":1657},{"bookingid":1640},{"bookingid":497},{"bookingid":1391},{"bookingid":410},{"bookingid":1333},{"bookingid":118},{"bookingid":972},{"bookingid":743},{"bookingid":353},{"bookingid":448},{"bookingid":278},{"bookingid":148},{"bookingid":469},{"bookingid":956},{"bookingid":539},{"bookingid":375},{"bookingid":915},{"bookingid":181},{"bookingid":180},{"bookingid":404},{"bookingid":703},{"bookingid":1585},{"bookingid":199},{"bookingid":137},{"bookingid":1433},{"bookingid":1239},{"bookingid":295},{"bookingid":747},{"bookingid":1167},{"bookingid":27},{"bookingid":435},{"bookingid":861},{"bookingid":10},{"bookingid":1522},{"bookingid":218},{"bookingid":1580},{"bookingid":952},{"bookingid":153},{"bookingid":287},{"bookingid":346},{"bookingid":557},{"bookingid":1046},{"bookingid":1317},{"bookingid":580},{"bookingid":431},{"bookingid":1432},{"bookingid":735},{"bookingid":473},{"bookingid":514},{"bookingid":187},{"bookingid":59},{"bookingid":1116},{"bookingid":13},{"bookingid":1099},{"bookingid":424},{"bookingid":670},{"bookingid":389},{"bookingid":20},{"bookingid":1200},{"bookingid":1013},{"bookingid":1133},{"bookingid":888},{"bookingid":950},{"bookingid":1582},{"bookingid":742},{"bookingid":1362},{"bookingid":1196},{"bookingid":1401},{"bookingid":1188},{"bookingid":335},{"bookingid":1488},{"bookingid":417},{"bookingid":337},{"bookingid":1265},{"bookingid":1025},{"bookingid":1429},{"bookingid":771},{"bookingid":942},{"bookingid":352},{"bookingid":291},{"bookingid":383},{"bookingid":376},{"bookingid":1338},{"bookingid":636},{"bookingid":1604},{"bookingid":786},{"bookingid":980},{"bookingid":819},{"bookingid":690},{"bookingid":753},{"bookingid":1119},{"bookingid":1268},{"bookingid":705},{"bookingid":311},{"bookingid":1115},{"bookingid":1236},{"bookingid":538},{"bookingid":227},{"bookingid":640},{"bookingid":1356},{"bookingid":795},{"bookingid":459},{"bookingid":249},{"bookingid":54},{"bookingid":542},{"bookingid":364},{"bookingid":466},{"bookingid":367},{"bookingid":901},{"bookingid":419},{"bookingid":168},{"bookingid":489},{"bookingid":632},{"bookingid":847},{"bookingid":519},{"bookingid":481},{"bookingid":1002},{"bookingid":656},{"bookingid":1229},{"bookingid":1205},{"bookingid":1448},{"bookingid":631},{"bookingid":50},{"bookingid":1023},{"bookingid":728},{"bookingid":873},{"bookingid":1054},{"bookingid":783},{"bookingid":842},{"bookingid":8},{"bookingid":225},{"bookingid":1097},{"bookingid":382},{"bookingid":521},{"bookingid":1639},{"bookingid":1039},{"bookingid":1009},{"bookingid":1275},{"bookingid":532},{"bookingid":828},{"bookingid":1118},{"bookingid":1067},{"bookingid":855},{"bookingid":144},{"bookingid":628},{"bookingid":444},{"bookingid":584},{"bookingid":571},{"bookingid":1415},{"bookingid":1384},{"bookingid":1008},{"bookingid":1564},{"bookingid":1647},{"bookingid":189},{"bookingid":1516},{"bookingid":1076},{"bookingid":1128},{"bookingid":1313},{"bookingid":961},{"bookingid":1555},{"bookingid":1469},{"bookingid":1149},{"bookingid":1021},{"bookingid":798},{"bookingid":228},{"bookingid":1638},{"bookingid":445},{"bookingid":583},{"bookingid":330},{"bookingid":1160},{"bookingid":989},{"bookingid":818},{"bookingid":620},{"bookingid":1419},{"bookingid":19},{"bookingid":219},{"bookingid":1451},{"bookingid":1368},{"bookingid":320},{"bookingid":635},{"bookingid":734},{"bookingid":1074},{"bookingid":903},{"bookingid":1404},{"bookingid":1047},{"bookingid":1307},{"bookingid":764},{"bookingid":78},{"bookingid":201},{"bookingid":1477},{"bookingid":908},{"bookingid":102},{"bookingid":4},{"bookingid":1341},{"bookingid":502},{"bookingid":796},{"bookingid":134},{"bookingid":746},{"bookingid":312},{"bookingid":960},{"bookingid":120},{"bookingid":332},{"bookingid":175},{"bookingid":220},{"bookingid":947},{"bookingid":488},{"bookingid":91},{"bookingid":1242},{"bookingid":934},{"bookingid":467},{"bookingid":402},{"bookingid":597},{"bookingid":12},{"bookingid":1501},{"bookingid":211},{"bookingid":17},{"bookingid":895},{"bookingid":850},{"bookingid":1533},{"bookingid":1249},{"bookingid":246},{"bookingid":45},{"bookingid":1377},{"bookingid":610},{"bookingid":1642},{"bookingid":1048},{"bookingid":1637},{"bookingid":1056},{"bookingid":933},{"bookingid":953},{"bookingid":809},{"bookingid":1206},{"bookingid":1282},{"bookingid":608},{"bookingid":1068},{"bookingid":715},{"bookingid":1453},{"bookingid":834},{"bookingid":1058},{"bookingid":1289},{"bookingid":882},{"bookingid":186},{"bookingid":1393},{"bookingid":560},{"bookingid":125},{"bookingid":951},{"bookingid":965},{"bookingid":117},{"bookingid":1051},{"bookingid":1616},{"bookingid":208},{"bookingid":1176},{"bookingid":755},{"bookingid":987},{"bookingid":452},{"bookingid":1091},{"bookingid":394},{"bookingid":1079},{"bookingid":689},{"bookingid":162},{"bookingid":214},{"bookingid":879},{"bookingid":810},{"bookingid":1633},{"bookingid":778},{"bookingid":491},{"bookingid":423},{"bookingid":986},{"bookingid":1399},{"bookingid":1184},{"bookingid":1631},{"bookingid":1084},{"bookingid":634},{"bookingid":174},{"bookingid":750},{"bookingid":422},{"bookingid":233},{"bookingid":319},{"bookingid":812},{"bookingid":1135},{"bookingid":105},{"bookingid":1297},{"bookingid":1332},{"bookingid":350},{"bookingid":1104},{"bookingid":351},{"bookingid":1462},{"bookingid":1528},{"bookingid":599},{"bookingid":306},{"bookingid":948},{"bookingid":667},{"bookingid":1641},{"bookingid":271},{"bookingid":503},{"bookingid":892},{"bookingid":526},{"bookingid":585},{"bookingid":392},{"bookingid":963},{"bookingid":1159},{"bookingid":1626},{"bookingid":42},{"bookingid":1271},{"bookingid":1120},{"bookingid":854},{"bookingid":981},{"bookingid":910},{"bookingid":1464},{"bookingid":318},{"bookingid":411},{"bookingid":262},{"bookingid":116},{"bookingid":704},{"bookingid":472},{"bookingid":1208},{"bookingid":1103},{"bookingid":883},{"bookingid":265},{"bookingid":1339},{"bookingid":128},{"bookingid":918},{"bookingid":525},{"bookingid":463},{"bookingid":98},{"bookingid":1146},{"bookingid":152},{"bookingid":975},{"bookingid":1423},{"bookingid":836},{"bookingid":1127},{"bookingid":203},{"bookingid":1584},{"bookingid":939},{"bookingid":649},{"bookingid":1532},{"bookingid":921},{"bookingid":713},{"bookingid":1422},{"bookingid":268},{"bookingid":165},{"bookingid":378},{"bookingid":1576},{"bookingid":1535},{"bookingid":925},{"bookingid":637},{"bookingid":716},{"bookingid":440},{"bookingid":84},{"bookingid":1506},{"bookingid":1663},{"bookingid":914},{"bookingid":559},{"bookingid":1543},{"bookingid":21},{"bookingid":1178},{"bookingid":1544},{"bookingid":1140},{"bookingid":294},{"bookingid":1270},{"bookingid":292},{"bookingid":1171},{"bookingid":1304},{"bookingid":1548},{"bookingid":23},{"bookingid":104},{"bookingid":237},{"bookingid":264},{"bookingid":1378},{"bookingid":281},{"bookingid":871},{"bookingid":1003},{"bookingid":737},{"bookingid":210},{"bookingid":1629},{"bookingid":1164},{"bookingid":1061},{"bookingid":28},{"bookingid":163},{"bookingid":38},{"bookingid":1562},{"bookingid":1302},{"bookingid":1417},{"bookingid":860},{"bookingid":22},{"bookingid":215},{"bookingid":676},{"bookingid":1517},{"bookingid":270},{"bookingid":1606},{"bookingid":1566},{"bookingid":1492},{"bookingid":1597},{"bookingid":1398},{"bookingid":395},{"bookingid":765},{"bookingid":911},{"bookingid":1420},{"bookingid":944},{"bookingid":971},{"bookingid":1190},{"bookingid":929},{"bookingid":1203},{"bookingid":3},{"bookingid":315},{"bookingid":1591},{"bookingid":1573},{"bookingid":257},{"bookingid":252},{"bookingid":305},{"bookingid":79},{"bookingid":230},{"bookingid":897},{"bookingid":1572},{"bookingid":1089},{"bookingid":1300},{"bookingid":1110},{"bookingid":288},{"bookingid":674},{"bookingid":589},{"... (set the log level to DEBUG or TRACE to see the full content) 
 </msg>
<msg timestamp="20230809 10:24:33.456" level="INFO">c:\users\chetankumar_kotecha\appdata\local\programs\python\python39\lib\site-packages\urllib3\connectionpool.py:1013: InsecureRequestWarning: Unverified HTTPS request is being made to host 'restful-booker.herokuapp.com'. Adding certificate verification is strongly advised. See: https://urllib3.readthedocs.io/en/latest/advanced-usage.html#ssl-warnings
  warnings.warn(</msg>
<msg timestamp="20230809 10:24:33.456" level="INFO">${response} = &lt;Response [200]&gt;</msg>
<status status="PASS" starttime="20230809 10:24:32.148" endtime="20230809 10:24:33.457"/>
</kw>
<kw name="Status Should Be" library="RequestsLibrary">
<arg>200</arg>
<doc>Fails if response status code is different than the expected.</doc>
<msg timestamp="20230809 10:24:33.457" level="FAIL">Keyword 'RequestsLibrary.Status Should Be' expected 2 to 3 arguments, got 1.</msg>
<status status="FAIL" starttime="20230809 10:24:33.457" endtime="20230809 10:24:33.457"/>
</kw>
<kw name="Log" library="BuiltIn">
<arg>${response.json()}</arg>
<doc>Logs the given message with the given level.</doc>
<status status="NOT RUN" starttime="20230809 10:24:33.457" endtime="20230809 10:24:33.457"/>
</kw>
<status status="FAIL" starttime="20230809 10:24:32.147" endtime="20230809 10:24:33.458">Keyword 'RequestsLibrary.Status Should Be' expected 2 to 3 arguments, got 1.</status>
</test>
<doc>Suite description</doc>
<status status="FAIL" starttime="20230809 10:24:31.991" endtime="20230809 10:24:33.458"/>
</suite>
<statistics>
<total>
<stat pass="0" fail="1" skip="0">All Tests</stat>
</total>
<tag>
</tag>
<suite>
<stat pass="0" fail="1" skip="0" id="s1" name="Restful Booker">Restful Booker</stat>
</suite>
</statistics>
<errors>
<msg timestamp="20230809 10:24:32.146" level="ERROR">Error in file 'D:\Training\python_robot_training\Training\restful_booker.robot' on line 4: Importing library 'Collection' failed: ModuleNotFoundError: No module named 'Collection'
Traceback (most recent call last):
  None
PYTHONPATH:
  C:\Users\chetankumar_kotecha\AppData\Local\Programs\Python\Python39\Scripts\robot.exe
  C:\Users\SYSTEM\AppData\Local\Programs\Python\Python39\Scripts\robot.exe
  C:\Users\SYSTEM\AppData\Local\Programs\Python\Python39\python39.zip
  C:\Users\SYSTEM\AppData\Local\Programs\Python\Python39\DLLs
  C:\Users\SYSTEM\AppData\Local\Programs\Python\Python39\lib
  C:\Users\SYSTEM\AppData\Local\Programs\Python\Python39
  C:\Users\SYSTEM\AppData\Local\Programs\Python\Python39\site-packages
  D:\PierianDx\Automation\API\lotus_api_automation_test\scripts\python_utilities.py
  D:\PierianDx\Automation\API\lotus_api_automation_test\scripts
  D:\Training\python_robot_training\Training
  c:\users\chetankumar_kotecha\appdata\local\programs\python\python39\python39.zip
  c:\users\chetankumar_kotecha\appdata\local\programs\python\python39\DLLs
  c:\users\chetankumar_kotecha\appdata\local\programs\python\python39\lib
  c:\users\chetankumar_kotecha\appdata\local\programs\python\python39
  c:\users\chetankumar_kotecha\appdata\local\programs\python\python39\lib\site-packages</msg>
</errors>
</robot>
